[ Episode 1 / Step 0 ]
# # # # # # # # # # 
# T B B H         # 
#             F   # 
#                 # 
#                 # 
#                 # 
#                 # 
#                 # 
#                 # 
# # # # # # # # # # 
[ last/next direc: Direc.RIGHT/Direc.RIGHT ]

[ Episode 1 / Step 1 ]
# # # # # # # # # # 
#   T B B H       # 
#             F   # 
#                 # 
#                 # 
#                 # 
#                 # 
#                 # 
#                 # 
# # # # # # # # # # 
[ last/next direc: Direc.RIGHT/Direc.RIGHT ]

[ Episode 1 / Step 2 ]
# # # # # # # # # # 
#     T B B H     # 
#             F   # 
#                 # 
#                 # 
#                 # 
#                 # 
#                 # 
#                 # 
# # # # # # # # # # 
[ last/next direc: Direc.RIGHT/Direc.RIGHT ]

[ Episode 1 / Step 3 ]
# # # # # # # # # # 
#       T B B H   # 
#             F   # 
#                 # 
#                 # 
#                 # 
#                 # 
#                 # 
#                 # 
# # # # # # # # # # 
[ last/next direc: Direc.RIGHT/Direc.DOWN ]

[ Episode 1 / Step 4 ]
# # # # # # # # # # 
#       T B B B   # 
#             H   # 
#                 # 
# F               # 
#                 # 
#                 # 
#                 # 
#                 # 
# # # # # # # # # # 
[ last/next direc: Direc.DOWN/Direc.DOWN ]

[ Episode 1 / Step 5 ]
# # # # # # # # # # 
#         T B B   # 
#             B   # 
#             H   # 
# F               # 
#                 # 
#                 # 
#                 # 
#                 # 
# # # # # # # # # # 
[ last/next direc: Direc.DOWN/Direc.DOWN ]

[ Episode 1 / Step 6 ]
# # # # # # # # # # 
#           T B   # 
#             B   # 
#             B   # 
# F           H   # 
#                 # 
#                 # 
#                 # 
#                 # 
# # # # # # # # # # 
[ last/next direc: Direc.DOWN/Direc.LEFT ]

[ Episode 1 / Step 7 ]
# # # # # # # # # # 
#             T   # 
#             B   # 
#             B   # 
# F         H B   # 
#                 # 
#                 # 
#                 # 
#                 # 
# # # # # # # # # # 
[ last/next direc: Direc.LEFT/Direc.LEFT ]

[ Episode 1 / Step 8 ]
# # # # # # # # # # 
#                 # 
#             T   # 
#             B   # 
# F       H B B   # 
#                 # 
#                 # 
#                 # 
#                 # 
# # # # # # # # # # 
[ last/next direc: Direc.LEFT/Direc.LEFT ]

[ Episode 1 / Step 9 ]
# # # # # # # # # # 
#                 # 
#                 # 
#             T   # 
# F     H B B B   # 
#                 # 
#                 # 
#                 # 
#                 # 
# # # # # # # # # # 
[ last/next direc: Direc.LEFT/Direc.LEFT ]

[ Episode 1 / Step 10 ]
# # # # # # # # # # 
#                 # 
#                 # 
#                 # 
# F   H B B B T   # 
#                 # 
#                 # 
#                 # 
#                 # 
# # # # # # # # # # 
[ last/next direc: Direc.LEFT/Direc.LEFT ]

[ Episode 1 / Step 11 ]
# # # # # # # # # # 
#                 # 
#                 # 
#                 # 
# F H B B B T     # 
#                 # 
#                 # 
#                 # 
#                 # 
# # # # # # # # # # 
[ last/next direc: Direc.LEFT/Direc.LEFT ]

[ Episode 1 / Step 12 ]
# # # # # # # # # # 
#                 # 
#                 # 
#                 # 
# H B B B B T     # 
#                 # 
#     F           # 
#                 # 
#                 # 
# # # # # # # # # # 
[ last/next direc: Direc.LEFT/Direc.DOWN ]

[ Episode 1 / Step 13 ]
# # # # # # # # # # 
#                 # 
#                 # 
#                 # 
# B B B B T       # 
# H               # 
#     F           # 
#                 # 
#                 # 
# # # # # # # # # # 
[ last/next direc: Direc.DOWN/Direc.DOWN ]

[ Episode 1 / Step 14 ]
# # # # # # # # # # 
#                 # 
#                 # 
#                 # 
# B B B T         # 
# B               # 
# H   F           # 
#                 # 
#                 # 
# # # # # # # # # # 
[ last/next direc: Direc.DOWN/Direc.RIGHT ]

[ Episode 1 / Step 15 ]
# # # # # # # # # # 
#                 # 
#                 # 
#                 # 
# B B T           # 
# B               # 
# B H F           # 
#                 # 
#                 # 
# # # # # # # # # # 
[ last/next direc: Direc.RIGHT/Direc.RIGHT ]

[ Episode 1 / Step 16 ]
# # # # # # # # # # 
#                 # 
#                 # 
#                 # 
# B B T       F   # 
# B               # 
# B B H           # 
#                 # 
#                 # 
# # # # # # # # # # 
[ last/next direc: Direc.RIGHT/Direc.RIGHT ]

[ Episode 1 / Step 17 ]
# # # # # # # # # # 
#                 # 
#                 # 
#                 # 
# B T         F   # 
# B               # 
# B B B H         # 
#                 # 
#                 # 
# # # # # # # # # # 
[ last/next direc: Direc.RIGHT/Direc.RIGHT ]

[ Episode 1 / Step 18 ]
# # # # # # # # # # 
#                 # 
#                 # 
#                 # 
# T           F   # 
# B               # 
# B B B B H       # 
#                 # 
#                 # 
# # # # # # # # # # 
[ last/next direc: Direc.RIGHT/Direc.RIGHT ]

[ Episode 1 / Step 19 ]
# # # # # # # # # # 
#                 # 
#                 # 
#                 # 
#             F   # 
# T               # 
# B B B B B H     # 
#                 # 
#                 # 
# # # # # # # # # # 
[ last/next direc: Direc.RIGHT/Direc.RIGHT ]

[ Episode 1 / Step 20 ]
# # # # # # # # # # 
#                 # 
#                 # 
#                 # 
#             F   # 
#                 # 
# T B B B B B H   # 
#                 # 
#                 # 
# # # # # # # # # # 
[ last/next direc: Direc.RIGHT/Direc.UP ]

[ Episode 1 / Step 21 ]
# # # # # # # # # # 
#                 # 
#                 # 
#                 # 
#             F   # 
#             H   # 
#   T B B B B B   # 
#                 # 
#                 # 
# # # # # # # # # # 
[ last/next direc: Direc.UP/Direc.UP ]

[ Episode 1 / Step 22 ]
# # # # # # # # # # 
#                 # 
#                 # 
#                 # 
#             H   # 
#             B   # 
#   T B B B B B   # 
#             F   # 
#                 # 
# # # # # # # # # # 
[ last/next direc: Direc.UP/Direc.RIGHT ]

[ Episode 1 / Step 23 ]
# # # # # # # # # # 
#                 # 
#                 # 
#                 # 
#             B H # 
#             B   # 
#     T B B B B   # 
#             F   # 
#                 # 
# # # # # # # # # # 
[ last/next direc: Direc.RIGHT/Direc.DOWN ]

[ Episode 1 / Step 24 ]
# # # # # # # # # # 
#                 # 
#                 # 
#                 # 
#             B B # 
#             B H # 
#       T B B B   # 
#             F   # 
#                 # 
# # # # # # # # # # 
[ last/next direc: Direc.DOWN/Direc.DOWN ]

[ Episode 1 / Step 25 ]
# # # # # # # # # # 
#                 # 
#                 # 
#                 # 
#             B B # 
#             B B # 
#         T B B H # 
#             F   # 
#                 # 
# # # # # # # # # # 
[ last/next direc: Direc.DOWN/Direc.DOWN ]

[ Episode 1 / Step 26 ]
# # # # # # # # # # 
#                 # 
#                 # 
#                 # 
#             B B # 
#             B B # 
#           T B B # 
#             F H # 
#                 # 
# # # # # # # # # # 
[ last/next direc: Direc.DOWN/Direc.LEFT ]

[ Episode 1 / Step 27 ]
# # # # # # # # # # 
#                 # 
#                 # 
#       F         # 
#             B B # 
#             B B # 
#           T B B # 
#             H B # 
#                 # 
# # # # # # # # # # 
[ last/next direc: Direc.LEFT/Direc.LEFT ]

[ Episode 1 / Step 28 ]
# # # # # # # # # # 
#                 # 
#                 # 
#       F         # 
#             B B # 
#             B B # 
#             T B # 
#           H B B # 
#                 # 
# # # # # # # # # # 
[ last/next direc: Direc.LEFT/Direc.LEFT ]

[ Episode 1 / Step 29 ]
# # # # # # # # # # 
#                 # 
#                 # 
#       F         # 
#             B B # 
#             T B # 
#               B # 
#         H B B B # 
#                 # 
# # # # # # # # # # 
[ last/next direc: Direc.LEFT/Direc.LEFT ]

[ Episode 1 / Step 30 ]
# # # # # # # # # # 
#                 # 
#                 # 
#       F         # 
#             T B # 
#               B # 
#               B # 
#       H B B B B # 
#                 # 
# # # # # # # # # # 
[ last/next direc: Direc.LEFT/Direc.UP ]

[ Episode 1 / Step 31 ]
# # # # # # # # # # 
#                 # 
#                 # 
#       F         # 
#               T # 
#               B # 
#       H       B # 
#       B B B B B # 
#                 # 
# # # # # # # # # # 
[ last/next direc: Direc.UP/Direc.UP ]

[ Episode 1 / Step 32 ]
# # # # # # # # # # 
#                 # 
#                 # 
#       F         # 
#                 # 
#       H       T # 
#       B       B # 
#       B B B B B # 
#                 # 
# # # # # # # # # # 
[ last/next direc: Direc.UP/Direc.UP ]

[ Episode 1 / Step 33 ]
# # # # # # # # # # 
#                 # 
#                 # 
#       F         # 
#       H         # 
#       B         # 
#       B       T # 
#       B B B B B # 
#                 # 
# # # # # # # # # # 
[ last/next direc: Direc.UP/Direc.UP ]

[ Episode 1 / Step 34 ]
# # # # # # # # # # 
#                 # 
#                 # 
#     F H         # 
#       B         # 
#       B         # 
#       B       T # 
#       B B B B B # 
#                 # 
# # # # # # # # # # 
[ last/next direc: Direc.UP/Direc.LEFT ]

[ Episode 1 / Step 35 ]
# # # # # # # # # # 
#                 # 
#                 # 
#     H B         # 
#       B         # 
#       B         # 
#       B       T # 
#       B B B B B # 
#               F # 
# # # # # # # # # # 
[ last/next direc: Direc.LEFT/Direc.DOWN ]

[ Episode 1 / Step 36 ]
# # # # # # # # # # 
#                 # 
#                 # 
#     B B         # 
#     H B         # 
#       B         # 
#       B         # 
#       B B B B T # 
#               F # 
# # # # # # # # # # 
[ last/next direc: Direc.DOWN/Direc.DOWN ]

[ Episode 1 / Step 37 ]
# # # # # # # # # # 
#                 # 
#                 # 
#     B B         # 
#     B B         # 
#     H B         # 
#       B         # 
#       B B B T   # 
#               F # 
# # # # # # # # # # 
[ last/next direc: Direc.DOWN/Direc.DOWN ]

[ Episode 1 / Step 38 ]
# # # # # # # # # # 
#                 # 
#                 # 
#     B B         # 
#     B B         # 
#     B B         # 
#     H B         # 
#       B B T     # 
#               F # 
# # # # # # # # # # 
[ last/next direc: Direc.DOWN/Direc.DOWN ]

[ Episode 1 / Step 39 ]
# # # # # # # # # # 
#                 # 
#                 # 
#     B B         # 
#     B B         # 
#     B B         # 
#     B B         # 
#     H B T       # 
#               F # 
# # # # # # # # # # 
[ last/next direc: Direc.DOWN/Direc.DOWN ]

[ Episode 1 / Step 40 ]
# # # # # # # # # # 
#                 # 
#                 # 
#     B B         # 
#     B B         # 
#     B B         # 
#     B B         # 
#     B T         # 
#     H         F # 
# # # # # # # # # # 
[ last/next direc: Direc.DOWN/Direc.RIGHT ]

[ Episode 1 / Step 41 ]
# # # # # # # # # # 
#                 # 
#                 # 
#     B B         # 
#     B B         # 
#     B B         # 
#     B T         # 
#     B           # 
#     B H       F # 
# # # # # # # # # # 
[ last/next direc: Direc.RIGHT/Direc.RIGHT ]

[ Episode 1 / Step 42 ]
# # # # # # # # # # 
#                 # 
#                 # 
#     B B         # 
#     B B         # 
#     B T         # 
#     B           # 
#     B           # 
#     B B H     F # 
# # # # # # # # # # 
[ last/next direc: Direc.RIGHT/Direc.RIGHT ]

[ Episode 1 / Step 43 ]
# # # # # # # # # # 
#                 # 
#                 # 
#     B B         # 
#     B T         # 
#     B           # 
#     B           # 
#     B           # 
#     B B B H   F # 
# # # # # # # # # # 
[ last/next direc: Direc.RIGHT/Direc.RIGHT ]

[ Episode 1 / Step 44 ]
# # # # # # # # # # 
#                 # 
#                 # 
#     B T         # 
#     B           # 
#     B           # 
#     B           # 
#     B           # 
#     B B B B H F # 
# # # # # # # # # # 
[ last/next direc: Direc.RIGHT/Direc.RIGHT ]

[ Episode 1 / Step 45 ]
# # # # # # # # # # 
#                 # 
#                 # 
#     B T         # 
#     B           # 
#   F B           # 
#     B           # 
#     B           # 
#     B B B B B H # 
# # # # # # # # # # 
[ last/next direc: Direc.RIGHT/Direc.UP ]

[ Episode 1 / Step 46 ]
# # # # # # # # # # 
#                 # 
#                 # 
#     T           # 
#     B           # 
#   F B           # 
#     B           # 
#     B         H # 
#     B B B B B B # 
# # # # # # # # # # 
[ last/next direc: Direc.UP/Direc.UP ]

[ Episode 1 / Step 47 ]
# # # # # # # # # # 
#                 # 
#                 # 
#                 # 
#     T           # 
#   F B           # 
#     B         H # 
#     B         B # 
#     B B B B B B # 
# # # # # # # # # # 
[ last/next direc: Direc.UP/Direc.UP ]

[ Episode 1 / Step 48 ]
# # # # # # # # # # 
#                 # 
#                 # 
#                 # 
#                 # 
#   F T         H # 
#     B         B # 
#     B         B # 
#     B B B B B B # 
# # # # # # # # # # 
[ last/next direc: Direc.UP/Direc.UP ]

[ Episode 1 / Step 49 ]
# # # # # # # # # # 
#                 # 
#                 # 
#                 # 
#               H # 
#   F           B # 
#     T         B # 
#     B         B # 
#     B B B B B B # 
# # # # # # # # # # 
[ last/next direc: Direc.UP/Direc.LEFT ]

[ Episode 1 / Step 50 ]
# # # # # # # # # # 
#                 # 
#                 # 
#                 # 
#             H B # 
#   F           B # 
#               B # 
#     T         B # 
#     B B B B B B # 
# # # # # # # # # # 
[ last/next direc: Direc.LEFT/Direc.LEFT ]

[ Episode 1 / Step 51 ]
# # # # # # # # # # 
#                 # 
#                 # 
#                 # 
#           H B B # 
#   F           B # 
#               B # 
#               B # 
#     T B B B B B # 
# # # # # # # # # # 
[ last/next direc: Direc.LEFT/Direc.LEFT ]

[ Episode 1 / Step 52 ]
# # # # # # # # # # 
#                 # 
#                 # 
#                 # 
#         H B B B # 
#   F           B # 
#               B # 
#               B # 
#       T B B B B # 
# # # # # # # # # # 
[ last/next direc: Direc.LEFT/Direc.LEFT ]

[ Episode 1 / Step 53 ]
# # # # # # # # # # 
#                 # 
#                 # 
#                 # 
#       H B B B B # 
#   F           B # 
#               B # 
#               B # 
#         T B B B # 
# # # # # # # # # # 
[ last/next direc: Direc.LEFT/Direc.LEFT ]

[ Episode 1 / Step 54 ]
# # # # # # # # # # 
#                 # 
#                 # 
#                 # 
#     H B B B B B # 
#   F           B # 
#               B # 
#               B # 
#           T B B # 
# # # # # # # # # # 
[ last/next direc: Direc.LEFT/Direc.LEFT ]

[ Episode 1 / Step 55 ]
# # # # # # # # # # 
#                 # 
#                 # 
#                 # 
#   H B B B B B B # 
#   F           B # 
#               B # 
#               B # 
#             T B # 
# # # # # # # # # # 
[ last/next direc: Direc.LEFT/Direc.DOWN ]

[ Episode 1 / Step 56 ]
# # # # # # # # # # 
#                 # 
#                 # 
#                 # 
#   B B B B B B B # 
#   H           B # 
#               B # 
#           F   B # 
#             T B # 
# # # # # # # # # # 
[ last/next direc: Direc.DOWN/Direc.DOWN ]

[ Episode 1 / Step 57 ]
# # # # # # # # # # 
#                 # 
#                 # 
#                 # 
#   B B B B B B B # 
#   B           B # 
#   H           B # 
#           F   B # 
#               T # 
# # # # # # # # # # 
[ last/next direc: Direc.DOWN/Direc.DOWN ]

[ Episode 1 / Step 58 ]
# # # # # # # # # # 
#                 # 
#                 # 
#                 # 
#   B B B B B B B # 
#   B           B # 
#   B           B # 
#   H       F   T # 
#                 # 
# # # # # # # # # # 
[ last/next direc: Direc.DOWN/Direc.RIGHT ]

[ Episode 1 / Step 59 ]
# # # # # # # # # # 
#                 # 
#                 # 
#                 # 
#   B B B B B B B # 
#   B           B # 
#   B           T # 
#   B H     F     # 
#                 # 
# # # # # # # # # # 
[ last/next direc: Direc.RIGHT/Direc.RIGHT ]

[ Episode 1 / Step 60 ]
# # # # # # # # # # 
#                 # 
#                 # 
#                 # 
#   B B B B B B B # 
#   B           T # 
#   B             # 
#   B B H   F     # 
#                 # 
# # # # # # # # # # 
[ last/next direc: Direc.RIGHT/Direc.RIGHT ]

[ Episode 1 / Step 61 ]
# # # # # # # # # # 
#                 # 
#                 # 
#                 # 
#   B B B B B B T # 
#   B             # 
#   B             # 
#   B B B H F     # 
#                 # 
# # # # # # # # # # 
[ last/next direc: Direc.RIGHT/Direc.RIGHT ]

[ Episode 1 / Step 62 ]
# # # # # # # # # # 
#                 # 
#                 # 
#                 # 
#   B B B B B B T # 
#   B F           # 
#   B             # 
#   B B B B H     # 
#                 # 
# # # # # # # # # # 
[ last/next direc: Direc.RIGHT/Direc.UP ]

[ Episode 1 / Step 63 ]
# # # # # # # # # # 
#                 # 
#                 # 
#                 # 
#   B B B B B T   # 
#   B F           # 
#   B       H     # 
#   B B B B B     # 
#                 # 
# # # # # # # # # # 
[ last/next direc: Direc.UP/Direc.LEFT ]

[ Episode 1 / Step 64 ]
# # # # # # # # # # 
#                 # 
#                 # 
#                 # 
#   B B B B T     # 
#   B F           # 
#   B     H B     # 
#   B B B B B     # 
#                 # 
# # # # # # # # # # 
[ last/next direc: Direc.LEFT/Direc.LEFT ]

[ Episode 1 / Step 65 ]
# # # # # # # # # # 
#                 # 
#                 # 
#                 # 
#   B B B T       # 
#   B F           # 
#   B   H B B     # 
#   B B B B B     # 
#                 # 
# # # # # # # # # # 
[ last/next direc: Direc.LEFT/Direc.LEFT ]

[ Episode 1 / Step 66 ]
# # # # # # # # # # 
#                 # 
#                 # 
#                 # 
#   B B T         # 
#   B F           # 
#   B H B B B     # 
#   B B B B B     # 
#                 # 
# # # # # # # # # # 
[ last/next direc: Direc.LEFT/Direc.UP ]

[ Episode 1 / Step 67 ]
# # # # # # # # # # 
#       F         # 
#                 # 
#                 # 
#   B B T         # 
#   B H           # 
#   B B B B B     # 
#   B B B B B     # 
#                 # 
# # # # # # # # # # 
[ last/next direc: Direc.UP/Direc.RIGHT ]

[ Episode 1 / Step 68 ]
# # # # # # # # # # 
#       F         # 
#                 # 
#                 # 
#   B T           # 
#   B B H         # 
#   B B B B B     # 
#   B B B B B     # 
#                 # 
# # # # # # # # # # 
[ last/next direc: Direc.RIGHT/Direc.UP ]

[ Episode 1 / Step 69 ]
# # # # # # # # # # 
#       F         # 
#                 # 
#                 # 
#   T   H         # 
#   B B B         # 
#   B B B B B     # 
#   B B B B B     # 
#                 # 
# # # # # # # # # # 
[ last/next direc: Direc.UP/Direc.UP ]

[ Episode 1 / Step 70 ]
# # # # # # # # # # 
#       F         # 
#                 # 
#       H         # 
#       B         # 
#   T B B         # 
#   B B B B B     # 
#   B B B B B     # 
#                 # 
# # # # # # # # # # 
[ last/next direc: Direc.UP/Direc.UP ]

[ Episode 1 / Step 71 ]
# # # # # # # # # # 
#       F         # 
#       H         # 
#       B         # 
#       B         # 
#     B B         # 
#   T B B B B     # 
#   B B B B B     # 
#                 # 
# # # # # # # # # # 
[ last/next direc: Direc.UP/Direc.UP ]

[ Episode 1 / Step 72 ]
# # # # # # # # # # 
#       H         # 
#       B         # 
#       B         # 
#     F B         # 
#     B B         # 
#   T B B B B     # 
#   B B B B B     # 
#                 # 
# # # # # # # # # # 
[ last/next direc: Direc.UP/Direc.LEFT ]

[ Episode 1 / Step 73 ]
# # # # # # # # # # 
#     H B         # 
#       B         # 
#       B         # 
#     F B         # 
#     B B         # 
#     B B B B     # 
#   T B B B B     # 
#                 # 
# # # # # # # # # # 
[ last/next direc: Direc.LEFT/Direc.DOWN ]

[ Episode 1 / Step 74 ]
# # # # # # # # # # 
#     B B         # 
#     H B         # 
#       B         # 
#     F B         # 
#     B B         # 
#     B B B B     # 
#     T B B B     # 
#                 # 
# # # # # # # # # # 
[ last/next direc: Direc.DOWN/Direc.DOWN ]

[ Episode 1 / Step 75 ]
# # # # # # # # # # 
#     B B         # 
#     B B         # 
#     H B         # 
#     F B         # 
#     B B         # 
#     B B B B     # 
#       T B B     # 
#                 # 
# # # # # # # # # # 
[ last/next direc: Direc.DOWN/Direc.DOWN ]

[ Episode 1 / Step 76 ]
# # # # # # # # # # 
#     B B         # 
#     B B F       # 
#     B B         # 
#     H B         # 
#     B B         # 
#     B B B B     # 
#       T B B     # 
#                 # 
# # # # # # # # # # 
[ last/next direc: Direc.DOWN/Direc.LEFT ]

[ Episode 1 / Step 77 ]
# # # # # # # # # # 
#     B B         # 
#     B B F       # 
#     B B         # 
#   H B B         # 
#     B B         # 
#     B B B B     # 
#         T B     # 
#                 # 
# # # # # # # # # # 
[ last/next direc: Direc.LEFT/Direc.DOWN ]

[ Episode 1 / Step 78 ]
# # # # # # # # # # 
#     B B         # 
#     B B F       # 
#     B B         # 
#   B B B         # 
#   H B B         # 
#     B B B B     # 
#           T     # 
#                 # 
# # # # # # # # # # 
[ last/next direc: Direc.DOWN/Direc.DOWN ]

[ Episode 1 / Step 79 ]
# # # # # # # # # # 
#     B B         # 
#     B B F       # 
#     B B         # 
#   B B B         # 
#   B B B         # 
#   H B B B T     # 
#                 # 
#                 # 
# # # # # # # # # # 
[ last/next direc: Direc.DOWN/Direc.DOWN ]

[ Episode 1 / Step 80 ]
# # # # # # # # # # 
#     B B         # 
#     B B F       # 
#     B B         # 
#   B B B         # 
#   B B B         # 
#   B B B T       # 
#   H             # 
#                 # 
# # # # # # # # # # 
[ last/next direc: Direc.DOWN/Direc.RIGHT ]

[ Episode 1 / Step 81 ]
# # # # # # # # # # 
#     B B         # 
#     B B F       # 
#     B B         # 
#   B B B         # 
#   B B B         # 
#   B B T         # 
#   B H           # 
#                 # 
# # # # # # # # # # 
[ last/next direc: Direc.RIGHT/Direc.DOWN ]

[ Episode 1 / Step 82 ]
# # # # # # # # # # 
#     B B         # 
#     B B F       # 
#     B B         # 
#   B B B         # 
#   B B B         # 
#   B T           # 
#   B B           # 
#     H           # 
# # # # # # # # # # 
[ last/next direc: Direc.DOWN/Direc.RIGHT ]

[ Episode 1 / Step 83 ]
# # # # # # # # # # 
#     B B         # 
#     B B F       # 
#     B B         # 
#   B B B         # 
#   B T B         # 
#   B             # 
#   B B           # 
#     B H         # 
# # # # # # # # # # 
[ last/next direc: Direc.RIGHT/Direc.RIGHT ]

[ Episode 1 / Step 84 ]
# # # # # # # # # # 
#     B B         # 
#     B B F       # 
#     B B         # 
#   B B B         # 
#   B   T         # 
#   B             # 
#   B B           # 
#     B B H       # 
# # # # # # # # # # 
[ last/next direc: Direc.RIGHT/Direc.UP ]

[ Episode 1 / Step 85 ]
# # # # # # # # # # 
#     B B         # 
#     B B F       # 
#     B B         # 
#   B B T         # 
#   B             # 
#   B             # 
#   B B   H       # 
#     B B B       # 
# # # # # # # # # # 
[ last/next direc: Direc.UP/Direc.UP ]

[ Episode 1 / Step 86 ]
# # # # # # # # # # 
#     B B         # 
#     B B F       # 
#     B T         # 
#   B B           # 
#   B             # 
#   B     H       # 
#   B B   B       # 
#     B B B       # 
# # # # # # # # # # 
[ last/next direc: Direc.UP/Direc.UP ]

[ Episode 1 / Step 87 ]
# # # # # # # # # # 
#     B B         # 
#     B T F       # 
#     B           # 
#   B B           # 
#   B     H       # 
#   B     B       # 
#   B B   B       # 
#     B B B       # 
# # # # # # # # # # 
[ last/next direc: Direc.UP/Direc.UP ]

[ Episode 1 / Step 88 ]
# # # # # # # # # # 
#     B T         # 
#     B   F       # 
#     B           # 
#   B B   H       # 
#   B     B       # 
#   B     B       # 
#   B B   B       # 
#     B B B       # 
# # # # # # # # # # 
[ last/next direc: Direc.UP/Direc.UP ]

[ Episode 1 / Step 89 ]
# # # # # # # # # # 
#     T           # 
#     B   F       # 
#     B   H       # 
#   B B   B       # 
#   B     B       # 
#   B     B       # 
#   B B   B       # 
#     B B B       # 
# # # # # # # # # # 
[ last/next direc: Direc.UP/Direc.UP ]

[ Episode 1 / Step 90 ]
# # # # # # # # # # 
#     T         F # 
#     B   H       # 
#     B   B       # 
#   B B   B       # 
#   B     B       # 
#   B     B       # 
#   B B   B       # 
#     B B B       # 
# # # # # # # # # # 
[ last/next direc: Direc.UP/Direc.RIGHT ]

[ Episode 1 / Step 91 ]
# # # # # # # # # # 
#               F # 
#     T   B H     # 
#     B   B       # 
#   B B   B       # 
#   B     B       # 
#   B     B       # 
#   B B   B       # 
#     B B B       # 
# # # # # # # # # # 
[ last/next direc: Direc.RIGHT/Direc.RIGHT ]

[ Episode 1 / Step 92 ]
# # # # # # # # # # 
#               F # 
#         B B H   # 
#     T   B       # 
#   B B   B       # 
#   B     B       # 
#   B     B       # 
#   B B   B       # 
#     B B B       # 
# # # # # # # # # # 
[ last/next direc: Direc.RIGHT/Direc.RIGHT ]

[ Episode 1 / Step 93 ]
# # # # # # # # # # 
#               F # 
#         B B B H # 
#         B       # 
#   B T   B       # 
#   B     B       # 
#   B     B       # 
#   B B   B       # 
#     B B B       # 
# # # # # # # # # # 
[ last/next direc: Direc.RIGHT/Direc.UP ]

[ Episode 1 / Step 94 ]
# # # # # # # # # # 
#               H # 
#         B B B B # 
#         B       # 
#   B T   B       # 
#   B     B       # 
#   B     B       # 
#   B B   B   F   # 
#     B B B       # 
# # # # # # # # # # 
[ last/next direc: Direc.UP/Direc.LEFT ]

[ Episode 1 / Step 95 ]
# # # # # # # # # # 
#             H B # 
#         B B B B # 
#         B       # 
#   T     B       # 
#   B     B       # 
#   B     B       # 
#   B B   B   F   # 
#     B B B       # 
# # # # # # # # # # 
[ last/next direc: Direc.LEFT/Direc.LEFT ]

[ Episode 1 / Step 96 ]
# # # # # # # # # # 
#           H B B # 
#         B B B B # 
#         B       # 
#         B       # 
#   T     B       # 
#   B     B       # 
#   B B   B   F   # 
#     B B B       # 
# # # # # # # # # # 
[ last/next direc: Direc.LEFT/Direc.LEFT ]

[ Episode 1 / Step 97 ]
# # # # # # # # # # 
#         H B B B # 
#         B B B B # 
#         B       # 
#         B       # 
#         B       # 
#   T     B       # 
#   B B   B   F   # 
#     B B B       # 
# # # # # # # # # # 
[ last/next direc: Direc.LEFT/Direc.LEFT ]

[ Episode 1 / Step 98 ]
# # # # # # # # # # 
#       H B B B B # 
#         B B B B # 
#         B       # 
#         B       # 
#         B       # 
#         B       # 
#   T B   B   F   # 
#     B B B       # 
# # # # # # # # # # 
[ last/next direc: Direc.LEFT/Direc.DOWN ]

[ Episode 1 / Step 99 ]
# # # # # # # # # # 
#       B B B B B # 
#       H B B B B # 
#         B       # 
#         B       # 
#         B       # 
#         B       # 
#     T   B   F   # 
#     B B B       # 
# # # # # # # # # # 
[ last/next direc: Direc.DOWN/Direc.LEFT ]

[ Episode 1 / Step 100 ]
# # # # # # # # # # 
#       B B B B B # 
#     H B B B B B # 
#         B       # 
#         B       # 
#         B       # 
#         B       # 
#         B   F   # 
#     T B B       # 
# # # # # # # # # # 
[ last/next direc: Direc.LEFT/Direc.UP ]

[ Episode 1 / Step 101 ]
# # # # # # # # # # 
#     H B B B B B # 
#     B B B B B B # 
#         B       # 
#         B       # 
#         B       # 
#         B       # 
#         B   F   # 
#       T B       # 
# # # # # # # # # # 
[ last/next direc: Direc.UP/Direc.LEFT ]

[ Episode 1 / Step 102 ]
# # # # # # # # # # 
#   H B B B B B B # 
#     B B B B B B # 
#         B       # 
#         B       # 
#         B       # 
#         B       # 
#         B   F   # 
#         T       # 
# # # # # # # # # # 
[ last/next direc: Direc.LEFT/Direc.LEFT ]

[ Episode 1 / Step 103 ]
# # # # # # # # # # 
# H B B B B B B B # 
#     B B B B B B # 
#         B       # 
#         B       # 
#         B       # 
#         B       # 
#         T   F   # 
#                 # 
# # # # # # # # # # 
[ last/next direc: Direc.LEFT/Direc.DOWN ]

[ Episode 1 / Step 104 ]
# # # # # # # # # # 
# B B B B B B B B # 
# H   B B B B B B # 
#         B       # 
#         B       # 
#         B       # 
#         T       # 
#             F   # 
#                 # 
# # # # # # # # # # 
[ last/next direc: Direc.DOWN/Direc.DOWN ]

[ Episode 1 / Step 105 ]
# # # # # # # # # # 
# B B B B B B B B # 
# B   B B B B B B # 
# H       B       # 
#         B       # 
#         T       # 
#                 # 
#             F   # 
#                 # 
# # # # # # # # # # 
[ last/next direc: Direc.DOWN/Direc.DOWN ]

[ Episode 1 / Step 106 ]
# # # # # # # # # # 
# B B B B B B B B # 
# B   B B B B B B # 
# B       B       # 
# H       T       # 
#                 # 
#                 # 
#             F   # 
#                 # 
# # # # # # # # # # 
[ last/next direc: Direc.DOWN/Direc.DOWN ]

[ Episode 1 / Step 107 ]
# # # # # # # # # # 
# B B B B B B B B # 
# B   B B B B B B # 
# B       T       # 
# B               # 
# H               # 
#                 # 
#             F   # 
#                 # 
# # # # # # # # # # 
[ last/next direc: Direc.DOWN/Direc.DOWN ]

[ Episode 1 / Step 108 ]
# # # # # # # # # # 
# B B B B B B B B # 
# B   B B T B B B # 
# B               # 
# B               # 
# B               # 
# H               # 
#             F   # 
#                 # 
# # # # # # # # # # 
[ last/next direc: Direc.DOWN/Direc.DOWN ]

[ Episode 1 / Step 109 ]
# # # # # # # # # # 
# B B B B B B B B # 
# B   B B   T B B # 
# B               # 
# B               # 
# B               # 
# B               # 
# H           F   # 
#                 # 
# # # # # # # # # # 
[ last/next direc: Direc.DOWN/Direc.RIGHT ]

[ Episode 1 / Step 110 ]
# # # # # # # # # # 
# B B B B B B B B # 
# B   B B     T B # 
# B               # 
# B               # 
# B               # 
# B               # 
# B H         F   # 
#                 # 
# # # # # # # # # # 
[ last/next direc: Direc.RIGHT/Direc.RIGHT ]

[ Episode 1 / Step 111 ]
# # # # # # # # # # 
# B B B B B B B B # 
# B   B B       T # 
# B               # 
# B               # 
# B               # 
# B               # 
# B B H       F   # 
#                 # 
# # # # # # # # # # 
[ last/next direc: Direc.RIGHT/Direc.RIGHT ]

[ Episode 1 / Step 112 ]
# # # # # # # # # # 
# B B B B B B B T # 
# B   B B         # 
# B               # 
# B               # 
# B               # 
# B               # 
# B B B H     F   # 
#                 # 
# # # # # # # # # # 
[ last/next direc: Direc.RIGHT/Direc.RIGHT ]

[ Episode 1 / Step 113 ]
# # # # # # # # # # 
# B B B B B B T   # 
# B   B B         # 
# B               # 
# B               # 
# B               # 
# B               # 
# B B B B H   F   # 
#                 # 
# # # # # # # # # # 
[ last/next direc: Direc.RIGHT/Direc.RIGHT ]

[ Episode 1 / Step 114 ]
# # # # # # # # # # 
# B B B B B T     # 
# B   B B         # 
# B               # 
# B               # 
# B               # 
# B               # 
# B B B B B H F   # 
#                 # 
# # # # # # # # # # 
[ last/next direc: Direc.RIGHT/Direc.RIGHT ]

[ Episode 1 / Step 115 ]
# # # # # # # # # # 
# B B B B B T     # 
# B   B B         # 
# B               # 
# B               # 
# B F             # 
# B               # 
# B B B B B B H   # 
#                 # 
# # # # # # # # # # 
[ last/next direc: Direc.RIGHT/Direc.UP ]

[ Episode 1 / Step 116 ]
# # # # # # # # # # 
# B B B B T       # 
# B   B B         # 
# B               # 
# B               # 
# B F             # 
# B           H   # 
# B B B B B B B   # 
#                 # 
# # # # # # # # # # 
[ last/next direc: Direc.UP/Direc.UP ]

[ Episode 1 / Step 117 ]
# # # # # # # # # # 
# B B B T         # 
# B   B B         # 
# B               # 
# B               # 
# B F         H   # 
# B           B   # 
# B B B B B B B   # 
#                 # 
# # # # # # # # # # 
[ last/next direc: Direc.UP/Direc.LEFT ]

[ Episode 1 / Step 118 ]
# # # # # # # # # # 
# B B B           # 
# B   B T         # 
# B               # 
# B               # 
# B F       H B   # 
# B           B   # 
# B B B B B B B   # 
#                 # 
# # # # # # # # # # 
[ last/next direc: Direc.LEFT/Direc.LEFT ]

[ Episode 1 / Step 119 ]
# # # # # # # # # # 
# B B B           # 
# B   T           # 
# B               # 
# B               # 
# B F     H B B   # 
# B           B   # 
# B B B B B B B   # 
#                 # 
# # # # # # # # # # 
[ last/next direc: Direc.LEFT/Direc.LEFT ]

[ Episode 1 / Step 120 ]
# # # # # # # # # # 
# B B T           # 
# B               # 
# B               # 
# B               # 
# B F   H B B B   # 
# B           B   # 
# B B B B B B B   # 
#                 # 
# # # # # # # # # # 
[ last/next direc: Direc.LEFT/Direc.LEFT ]

[ Episode 1 / Step 121 ]
# # # # # # # # # # 
# B T             # 
# B               # 
# B               # 
# B               # 
# B F H B B B B   # 
# B           B   # 
# B B B B B B B   # 
#                 # 
# # # # # # # # # # 
[ last/next direc: Direc.LEFT/Direc.LEFT ]

[ Episode 1 / Step 122 ]
# # # # # # # # # # 
# B T             # 
# B               # 
# B               # 
# B               # 
# B H B B B B B   # 
# B           B   # 
# B B B B B B B   # 
#       F         # 
# # # # # # # # # # 
[ last/next direc: Direc.LEFT/Direc.UP ]

[ Episode 1 / Step 123 ]
# # # # # # # # # # 
# T               # 
# B               # 
# B               # 
# B H             # 
# B B B B B B B   # 
# B           B   # 
# B B B B B B B   # 
#       F         # 
# # # # # # # # # # 
[ last/next direc: Direc.UP/Direc.RIGHT ]

[ Episode 1 / Step 124 ]
# # # # # # # # # # 
#                 # 
# T               # 
# B               # 
# B B H           # 
# B B B B B B B   # 
# B           B   # 
# B B B B B B B   # 
#       F         # 
# # # # # # # # # # 
[ last/next direc: Direc.RIGHT/Direc.RIGHT ]

[ Episode 1 / Step 125 ]
# # # # # # # # # # 
#                 # 
#                 # 
# T               # 
# B B B H         # 
# B B B B B B B   # 
# B           B   # 
# B B B B B B B   # 
#       F         # 
# # # # # # # # # # 
[ last/next direc: Direc.RIGHT/Direc.RIGHT ]

[ Episode 1 / Step 126 ]
# # # # # # # # # # 
#                 # 
#                 # 
#                 # 
# T B B B H       # 
# B B B B B B B   # 
# B           B   # 
# B B B B B B B   # 
#       F         # 
# # # # # # # # # # 
[ last/next direc: Direc.RIGHT/Direc.RIGHT ]

[ Episode 1 / Step 127 ]
# # # # # # # # # # 
#                 # 
#                 # 
#                 # 
#   B B B B H     # 
# T B B B B B B   # 
# B           B   # 
# B B B B B B B   # 
#       F         # 
# # # # # # # # # # 
[ last/next direc: Direc.RIGHT/Direc.RIGHT ]

[ Episode 1 / Step 128 ]
# # # # # # # # # # 
#                 # 
#                 # 
#                 # 
#   B B B B B H   # 
#   B B B B B B   # 
# T           B   # 
# B B B B B B B   # 
#       F         # 
# # # # # # # # # # 
[ last/next direc: Direc.RIGHT/Direc.RIGHT ]

[ Episode 1 / Step 129 ]
# # # # # # # # # # 
#                 # 
#                 # 
#                 # 
#   B B B B B B H # 
#   B B B B B B   # 
#             B   # 
# T B B B B B B   # 
#       F         # 
# # # # # # # # # # 
[ last/next direc: Direc.RIGHT/Direc.DOWN ]

[ Episode 1 / Step 130 ]
# # # # # # # # # # 
#                 # 
#                 # 
#                 # 
#   B B B B B B B # 
#   B B B B B B H # 
#             B   # 
#   T B B B B B   # 
#       F         # 
# # # # # # # # # # 
[ last/next direc: Direc.DOWN/Direc.DOWN ]

[ Episode 1 / Step 131 ]
# # # # # # # # # # 
#                 # 
#                 # 
#                 # 
#   B B B B B B B # 
#   B B B B B B B # 
#             B H # 
#     T B B B B   # 
#       F         # 
# # # # # # # # # # 
[ last/next direc: Direc.DOWN/Direc.DOWN ]

[ Episode 1 / Step 132 ]
# # # # # # # # # # 
#                 # 
#                 # 
#                 # 
#   B B B B B B B # 
#   B B B B B B B # 
#             B B # 
#       T B B B H # 
#       F         # 
# # # # # # # # # # 
[ last/next direc: Direc.DOWN/Direc.DOWN ]

[ Episode 1 / Step 133 ]
# # # # # # # # # # 
#                 # 
#                 # 
#                 # 
#   B B B B B B B # 
#   B B B B B B B # 
#             B B # 
#         T B B B # 
#       F       H # 
# # # # # # # # # # 
[ last/next direc: Direc.DOWN/Direc.LEFT ]

[ Episode 1 / Step 134 ]
# # # # # # # # # # 
#                 # 
#                 # 
#                 # 
#   B B B B B B B # 
#   B B B B B B B # 
#             B B # 
#           T B B # 
#       F     H B # 
# # # # # # # # # # 
[ last/next direc: Direc.LEFT/Direc.LEFT ]

[ Episode 1 / Step 135 ]
# # # # # # # # # # 
#                 # 
#                 # 
#                 # 
#   B B B B B B B # 
#   B B B B B B B # 
#             B B # 
#             T B # 
#       F   H B B # 
# # # # # # # # # # 
[ last/next direc: Direc.LEFT/Direc.LEFT ]

[ Episode 1 / Step 136 ]
# # # # # # # # # # 
#                 # 
#                 # 
#                 # 
#   B B B B B B B # 
#   B B B B B B B # 
#             T B # 
#               B # 
#       F H B B B # 
# # # # # # # # # # 
[ last/next direc: Direc.LEFT/Direc.LEFT ]

[ Episode 1 / Step 137 ]
# # # # # # # # # # 
#                 # 
#                 # 
#                 # 
#   B B B B B B B # 
#   B B B B B B B # 
#             T B # 
#         F     B # 
#       H B B B B # 
# # # # # # # # # # 
[ last/next direc: Direc.LEFT/Direc.UP ]

[ Episode 1 / Step 138 ]
# # # # # # # # # # 
#                 # 
#                 # 
#                 # 
#   B B B B B B B # 
#   B B B B B T B # 
#               B # 
#       H F     B # 
#       B B B B B # 
# # # # # # # # # # 
[ last/next direc: Direc.UP/Direc.RIGHT ]

[ Episode 1 / Step 139 ]
# # # # # # # # # # 
#                 # 
#                 # 
#                 # 
#   B B B B B B B # 
#   B B B B B T B # 
#     F         B # 
#       B H     B # 
#       B B B B B # 
# # # # # # # # # # 
[ last/next direc: Direc.RIGHT/Direc.UP ]

[ Episode 1 / Step 140 ]
# # # # # # # # # # 
#                 # 
#                 # 
#                 # 
#   B B B B B B B # 
#   B B B B T   B # 
#     F   H     B # 
#       B B     B # 
#       B B B B B # 
# # # # # # # # # # 
[ last/next direc: Direc.UP/Direc.RIGHT ]

[ Episode 1 / Step 141 ]
# # # # # # # # # # 
#                 # 
#                 # 
#                 # 
#   B B B B B B B # 
#   B B B T     B # 
#     F   B H   B # 
#       B B     B # 
#       B B B B B # 
# # # # # # # # # # 
[ last/next direc: Direc.RIGHT/Direc.DOWN ]

[ Episode 1 / Step 142 ]
# # # # # # # # # # 
#                 # 
#                 # 
#                 # 
#   B B B B B B B # 
#   B B T       B # 
#     F   B B   B # 
#       B B H   B # 
#       B B B B B # 
# # # # # # # # # # 
[ last/next direc: Direc.DOWN/Direc.RIGHT ]

[ Episode 1 / Step 143 ]
# # # # # # # # # # 
#                 # 
#                 # 
#                 # 
#   B B B B B B B # 
#   B T         B # 
#     F   B B   B # 
#       B B B H B # 
#       B B B B B # 
# # # # # # # # # # 
[ last/next direc: Direc.RIGHT/Direc.UP ]

[ Episode 1 / Step 144 ]
# # # # # # # # # # 
#                 # 
#                 # 
#                 # 
#   B B B B B B B # 
#   T           B # 
#     F   B B H B # 
#       B B B B B # 
#       B B B B B # 
# # # # # # # # # # 
[ last/next direc: Direc.UP/Direc.UP ]

[ Episode 1 / Step 145 ]
# # # # # # # # # # 
#                 # 
#                 # 
#                 # 
#   T B B B B B B # 
#             H B # 
#     F   B B B B # 
#       B B B B B # 
#       B B B B B # 
# # # # # # # # # # 
[ last/next direc: Direc.UP/Direc.LEFT ]

[ Episode 1 / Step 146 ]
# # # # # # # # # # 
#                 # 
#                 # 
#                 # 
#     T B B B B B # 
#           H B B # 
#     F   B B B B # 
#       B B B B B # 
#       B B B B B # 
# # # # # # # # # # 
[ last/next direc: Direc.LEFT/Direc.LEFT ]

[ Episode 1 / Step 147 ]
# # # # # # # # # # 
#                 # 
#                 # 
#                 # 
#       T B B B B # 
#         H B B B # 
#     F   B B B B # 
#       B B B B B # 
#       B B B B B # 
# # # # # # # # # # 
[ last/next direc: Direc.LEFT/Direc.LEFT ]

[ Episode 1 / Step 148 ]
# # # # # # # # # # 
#                 # 
#                 # 
#                 # 
#         T B B B # 
#       H B B B B # 
#     F   B B B B # 
#       B B B B B # 
#       B B B B B # 
# # # # # # # # # # 
[ last/next direc: Direc.LEFT/Direc.LEFT ]

[ Episode 1 / Step 149 ]
# # # # # # # # # # 
#                 # 
#                 # 
#                 # 
#           T B B # 
#     H B B B B B # 
#     F   B B B B # 
#       B B B B B # 
#       B B B B B # 
# # # # # # # # # # 
[ last/next direc: Direc.LEFT/Direc.DOWN ]

[ Episode 1 / Step 150 ]
# # # # # # # # # # 
#                 # 
# F               # 
#                 # 
#           T B B # 
#     B B B B B B # 
#     H   B B B B # 
#       B B B B B # 
#       B B B B B # 
# # # # # # # # # # 
[ last/next direc: Direc.DOWN/Direc.LEFT ]

[ Episode 1 / Step 151 ]
# # # # # # # # # # 
#                 # 
# F               # 
#                 # 
#             T B # 
#     B B B B B B # 
#   H B   B B B B # 
#       B B B B B # 
#       B B B B B # 
# # # # # # # # # # 
[ last/next direc: Direc.LEFT/Direc.LEFT ]

[ Episode 1 / Step 152 ]
# # # # # # # # # # 
#                 # 
# F               # 
#                 # 
#               T # 
#     B B B B B B # 
# H B B   B B B B # 
#       B B B B B # 
#       B B B B B # 
# # # # # # # # # # 
[ last/next direc: Direc.LEFT/Direc.UP ]

[ Episode 1 / Step 153 ]
# # # # # # # # # # 
#                 # 
# F               # 
#                 # 
#                 # 
# H   B B B B B T # 
# B B B   B B B B # 
#       B B B B B # 
#       B B B B B # 
# # # # # # # # # # 
[ last/next direc: Direc.UP/Direc.UP ]

[ Episode 1 / Step 154 ]
# # # # # # # # # # 
#                 # 
# F               # 
#                 # 
# H               # 
# B   B B B B B   # 
# B B B   B B B T # 
#       B B B B B # 
#       B B B B B # 
# # # # # # # # # # 
[ last/next direc: Direc.UP/Direc.UP ]

[ Episode 1 / Step 155 ]
# # # # # # # # # # 
#                 # 
# F               # 
# H               # 
# B               # 
# B   B B B B B   # 
# B B B   B B B   # 
#       B B B B T # 
#       B B B B B # 
# # # # # # # # # # 
[ last/next direc: Direc.UP/Direc.UP ]

[ Episode 1 / Step 156 ]
# # # # # # # # # # 
#                 # 
# H               # 
# B               # 
# B               # 
# B   B B B B B   # 
# B B B   B B B F # 
#       B B B B T # 
#       B B B B B # 
# # # # # # # # # # 
[ last/next direc: Direc.UP/Direc.RIGHT ]

[ Episode 1 / Step 157 ]
# # # # # # # # # # 
#                 # 
# B H             # 
# B               # 
# B               # 
# B   B B B B B   # 
# B B B   B B B F # 
#       B B B B   # 
#       B B B B T # 
# # # # # # # # # # 
[ last/next direc: Direc.RIGHT/Direc.RIGHT ]

[ Episode 1 / Step 158 ]
# # # # # # # # # # 
#                 # 
# B B H           # 
# B               # 
# B               # 
# B   B B B B B   # 
# B B B   B B B F # 
#       B B B B   # 
#       B B B T   # 
# # # # # # # # # # 
[ last/next direc: Direc.RIGHT/Direc.RIGHT ]

[ Episode 1 / Step 159 ]
# # # # # # # # # # 
#                 # 
# B B B H         # 
# B               # 
# B               # 
# B   B B B B B   # 
# B B B   B B B F # 
#       B B B B   # 
#       B B T     # 
# # # # # # # # # # 
[ last/next direc: Direc.RIGHT/Direc.RIGHT ]

[ Episode 1 / Step 160 ]
# # # # # # # # # # 
#                 # 
# B B B B H       # 
# B               # 
# B               # 
# B   B B B B B   # 
# B B B   B B B F # 
#       B B B B   # 
#       B T       # 
# # # # # # # # # # 
[ last/next direc: Direc.RIGHT/Direc.RIGHT ]

[ Episode 1 / Step 161 ]
# # # # # # # # # # 
#                 # 
# B B B B B H     # 
# B               # 
# B               # 
# B   B B B B B   # 
# B B B   B B B F # 
#       B B B B   # 
#       T         # 
# # # # # # # # # # 
[ last/next direc: Direc.RIGHT/Direc.RIGHT ]

[ Episode 1 / Step 162 ]
# # # # # # # # # # 
#                 # 
# B B B B B B H   # 
# B               # 
# B               # 
# B   B B B B B   # 
# B B B   B B B F # 
#       T B B B   # 
#                 # 
# # # # # # # # # # 
[ last/next direc: Direc.RIGHT/Direc.RIGHT ]

[ Episode 1 / Step 163 ]
# # # # # # # # # # 
#                 # 
# B B B B B B B H # 
# B               # 
# B               # 
# B   B B B B B   # 
# B B B   B B B F # 
#         T B B   # 
#                 # 
# # # # # # # # # # 
[ last/next direc: Direc.RIGHT/Direc.DOWN ]

[ Episode 1 / Step 164 ]
# # # # # # # # # # 
#                 # 
# B B B B B B B B # 
# B             H # 
# B               # 
# B   B B B B B   # 
# B B B   T B B F # 
#           B B   # 
#                 # 
# # # # # # # # # # 
[ last/next direc: Direc.DOWN/Direc.DOWN ]

[ Episode 1 / Step 165 ]
# # # # # # # # # # 
#                 # 
# B B B B B B B B # 
# B             B # 
# B             H # 
# B   B B B B B   # 
# B B B     T B F # 
#           B B   # 
#                 # 
# # # # # # # # # # 
[ last/next direc: Direc.DOWN/Direc.DOWN ]

[ Episode 1 / Step 166 ]
# # # # # # # # # # 
#                 # 
# B B B B B B B B # 
# B             B # 
# B             B # 
# B   B B B B B H # 
# B B B       B F # 
#           T B   # 
#                 # 
# # # # # # # # # # 
[ last/next direc: Direc.DOWN/Direc.DOWN ]

[ Episode 1 / Step 167 ]
# # # # # # # # # # 
#                 # 
# B B B B B B B B # 
# B             B # 
# B     F       B # 
# B   B B B B B B # 
# B B B       B H # 
#           T B   # 
#                 # 
# # # # # # # # # # 
[ last/next direc: Direc.DOWN/Direc.DOWN ]

[ Episode 1 / Step 168 ]
# # # # # # # # # # 
#                 # 
# B B B B B B B B # 
# B             B # 
# B     F       B # 
# B   B B B B B B # 
# B B B       B B # 
#             T H # 
#                 # 
# # # # # # # # # # 
[ last/next direc: Direc.DOWN/Direc.DOWN ]
